Build started 11/16/2018 1:55:22 PM.
     1>Project "C:\Users\lsall\hpdp\src\main\cpp\HPDP_2010\HPDP.vcxproj" on node 2 (build target(s)).
     1>InitializeBuildStatus:
         Creating "x64\Debug\HPDP.unsuccessfulbuild" because "AlwaysCreate" was specified.
       ClCompile:
         c:\Program Files (x86)\Microsoft Visual Studio 10.0\VC\bin\x86_amd64\CL.exe /c /Zi /nologo /W3 /WX- /Od /D _MBCS /Gm /EHsc /RTC1 /MTd /GS /fp:precise /Zc:wchar_t /Zc:forScope /Fo"x64\Debug\\" /Fd"x64\Debug\vc100.pdb" /Gd /TP /errorReport:prompt ..\CHTML.cpp ..\CScraper.cpp ..\CShape.cpp ..\CTrans.cpp ..\HPDP.cpp ..\Runner.cpp
         Runner.cpp
     1>..\Runner.cpp(165): warning C4244: 'return' : conversion from 'WPARAM' to 'int', possible loss of data
         HPDP.cpp
         CTrans.cpp
     1>..\CTrans.cpp(7): warning C4482: nonstandard extension used: enum 'hpdp::CTrans::ExposureLocation' used in qualified name
     1>..\CTrans.cpp(14): warning C4482: nonstandard extension used: enum 'hpdp::CTrans::ExposureLocation' used in qualified name
     1>..\CTrans.cpp(33): warning C4482: nonstandard extension used: enum 'hpdp::CTrans::ExposureLocation' used in qualified name
         CHTML.cpp
     1>..\CHTML.cpp(33): warning C4996: 'itoa': The POSIX name for this item is deprecated. Instead, use the ISO C++ conformant name: _itoa. See online help for details.
                 c:\Program Files (x86)\Microsoft Visual Studio 10.0\VC\include\stdlib.h(867) : see declaration of 'itoa'
         Generating Code...
         Compiling...
         CShape.cpp
         CScraper.cpp
         Generating Code...
       Link:
         c:\Program Files (x86)\Microsoft Visual Studio 10.0\VC\bin\x86_amd64\link.exe /ERRORREPORT:PROMPT /OUT:"C:\Users\lsall\hpdp\src\main\cpp\HPDP_2010\x64\Debug\HPDP.exe" /NOLOGO /LIBPATH:..\..\..\..\lib HPDP.obj kernel32.lib user32.lib gdi32.lib winspool.lib comdlg32.lib advapi32.lib shell32.lib ole32.lib oleaut32.lib uuid.lib odbc32.lib odbccp32.lib kernel32.lib user32.lib gdi32.lib winspool.lib comdlg32.lib advapi32.lib shell32.lib ole32.lib oleaut32.lib uuid.lib odbc32.lib odbccp32.lib /MANIFEST /ManifestFile:"x64\Debug\HPDP.exe.intermediate.manifest" /MANIFESTUAC:"level='asInvoker' uiAccess='false'" /DEBUG /PDB:"C:\Users\lsall\hpdp\src\main\cpp\HPDP_2010\x64\Debug\HPDP.pdb" /TLBID:1 /DYNAMICBASE /NXCOMPAT /IMPLIB:"C:\Users\lsall\hpdp\src\main\cpp\HPDP_2010\x64\Debug\HPDP.lib" /MACHINE:X64 x64\Debug\CHTML.obj
         x64\Debug\CScraper.obj
         x64\Debug\CShape.obj
         x64\Debug\CTrans.obj
         x64\Debug\HPDP.obj
         x64\Debug\Runner.obj
     1>HPDP.obj : warning LNK4078: multiple '.data' sections found with different attributes (C03000C0)
     1>HPDP.obj : warning LNK4078: multiple '.text' sections found with different attributes (E03000A0)
     1>CHTML.obj : warning LNK4078: multiple '.text' sections found with different attributes (60500020)
         HPDP.vcxproj -> C:\Users\lsall\hpdp\src\main\cpp\HPDP_2010\x64\Debug\HPDP.exe
       Manifest:
         c:\Program Files (x86)\Microsoft SDKs\Windows\v7.0A\bin\mt.exe /nologo /verbose /outputresource:"C:\Users\lsall\hpdp\src\main\cpp\HPDP_2010\x64\Debug\HPDP.exe;#1" /manifest x64\Debug\HPDP.exe.intermediate.manifest
       FinalizeBuildStatus:
         Deleting file "x64\Debug\HPDP.unsuccessfulbuild".
         Touching "x64\Debug\HPDP.lastbuildstate".
     1>Done Building Project "C:\Users\lsall\hpdp\src\main\cpp\HPDP_2010\HPDP.vcxproj" (build target(s)).

Build succeeded.

Time Elapsed 00:00:11.37
