C:\USERS\LSALL\HPDP\SRC\MAIN\CPP\HPDP_2010\X64\DEBUG\CHTML.OBJ
C:\Users\lsall\hpdp\src\main\cpp\HPDP_2010\x64\Debug\cl.command.1.tlog
C:\Users\lsall\hpdp\src\main\cpp\HPDP_2010\x64\Debug\CL.read.1.tlog
C:\Users\lsall\hpdp\src\main\cpp\HPDP_2010\x64\Debug\CL.write.1.tlog
C:\USERS\LSALL\HPDP\SRC\MAIN\CPP\HPDP_2010\X64\DEBUG\HPDP.EXE
C:\USERS\LSALL\HPDP\SRC\MAIN\CPP\HPDP_2010\X64\DEBUG\HPDP.EXE.INTERMEDIATE.MANIFEST
C:\USERS\LSALL\HPDP\SRC\MAIN\CPP\HPDP_2010\X64\DEBUG\HPDP.ILK
C:\USERS\LSALL\HPDP\SRC\MAIN\CPP\HPDP_2010\X64\DEBUG\HPDP.OBJ
C:\USERS\LSALL\HPDP\SRC\MAIN\CPP\HPDP_2010\X64\DEBUG\HPDP.PDB
C:\Users\lsall\hpdp\src\main\cpp\HPDP_2010\x64\Debug\HPDP.vcxprojResolveAssemblyReference.cache
C:\Users\lsall\hpdp\src\main\cpp\HPDP_2010\x64\Debug\HPDP.write.1.tlog
C:\USERS\LSALL\HPDP\SRC\MAIN\CPP\HPDP_2010\X64\DEBUG\HTML.OBJ
C:\Users\lsall\hpdp\src\main\cpp\HPDP_2010\x64\Debug\link.command.1.tlog
C:\Users\lsall\hpdp\src\main\cpp\HPDP_2010\x64\Debug\link.read.1.tlog
C:\Users\lsall\hpdp\src\main\cpp\HPDP_2010\x64\Debug\link.write.1.tlog
C:\Users\lsall\hpdp\src\main\cpp\HPDP_2010\x64\Debug\mt.command.1.tlog
C:\Users\lsall\hpdp\src\main\cpp\HPDP_2010\x64\Debug\mt.read.1.tlog
C:\Users\lsall\hpdp\src\main\cpp\HPDP_2010\x64\Debug\mt.write.1.tlog
C:\USERS\LSALL\HPDP\SRC\MAIN\CPP\HPDP_2010\X64\DEBUG\RUNNER.OBJ
C:\Users\lsall\hpdp\src\main\cpp\HPDP_2010\x64\Debug\vc100.idb
C:\USERS\LSALL\HPDP\SRC\MAIN\CPP\HPDP_2010\X64\DEBUG\VC100.PDB
